Line 14: Class CRVIEWER9LibCtl.CRViewer9 of control CRV_RELATORIO was not a loaded control class.
Line 20: The property name lastProp in CRV_RELATORIO is invalid.
Line 21: The property name _cx in CRV_RELATORIO is invalid.
Line 22: The property name _cy in CRV_RELATORIO is invalid.
Line 23: The property name DisplayGroupTree in CRV_RELATORIO is invalid.
Line 24: The property name DisplayToolbar in CRV_RELATORIO is invalid.
Line 25: The property name EnableGroupTree in CRV_RELATORIO is invalid.
Line 26: The property name EnableNavigationControls in CRV_RELATORIO is invalid.
Line 27: The property name EnableStopButton in CRV_RELATORIO is invalid.
Line 28: The property name EnablePrintButton in CRV_RELATORIO is invalid.
Line 29: The property name EnableZoomControl in CRV_RELATORIO is invalid.
Line 30: The property name EnableCloseButton in CRV_RELATORIO is invalid.
Line 31: The property name EnableProgressControl in CRV_RELATORIO is invalid.
Line 32: The property name EnableSearchControl in CRV_RELATORIO is invalid.
Line 33: The property name EnableRefreshButton in CRV_RELATORIO is invalid.
Line 34: The property name EnableDrillDown in CRV_RELATORIO is invalid.
Line 35: The property name EnableAnimationControl in CRV_RELATORIO is invalid.
Line 36: The property name EnableSelectExpertButton in CRV_RELATORIO is invalid.
Line 37: The property name EnableToolbar in CRV_RELATORIO is invalid.
Line 38: The property name DisplayBorder in CRV_RELATORIO is invalid.
Line 39: The property name DisplayTabs in CRV_RELATORIO is invalid.
Line 40: The property name DisplayBackgroundEdge in CRV_RELATORIO is invalid.
Line 41: The property name SelectionFormula in CRV_RELATORIO is invalid.
Line 42: The property name EnablePopupMenu in CRV_RELATORIO is invalid.
Line 43: The property name EnableExportButton in CRV_RELATORIO is invalid.
Line 44: The property name EnableSearchExpertButton in CRV_RELATORIO is invalid.
Line 45: The property name EnableHelpButton in CRV_RELATORIO is invalid.
Line 46: The property name LaunchHTTPHyperlinksInNewBrowser in CRV_RELATORIO is invalid.
